<?xml version="1.0" encoding="UTF-8"?>
<!-- Generated by org.testng.reporters.JUnitReportReporter -->
<testsuite hostname="Mypc" name="testNG.dataprovider" tests="3" failures="0" timestamp="12 Sep 2016 02:53:34 GMT" time="0.059" errors="0">
  <testcase name="test" time="0.012" classname="testNG.dataprovider"/>
  <testcase name="test" time="0.017" classname="testNG.dataprovider"/>
  <testcase name="test" time="0.030" classname="testNG.dataprovider"/>
</testsuite> <!-- testNG.dataprovider -->
