<?xml version="1.0" encoding="UTF-8"?>
<!-- Generated by org.testng.reporters.JUnitReportReporter -->
<testsuite hostname="Mypc" name="testNG.empregtest" tests="1" failures="0" timestamp="12 Sep 2016 02:45:54 GMT" time="7.787" errors="0">
  <testcase name="org_emp" time="7.787" classname="testNG.empregtest"/>
</testsuite> <!-- testNG.empregtest -->
