<?xml version="1.0" encoding="UTF-8"?>
<!-- Generated by org.testng.reporters.JUnitReportReporter -->
<testsuite hostname="Mypc" name="testNG.userregtest" tests="1" failures="0" timestamp="12 Sep 2016 02:45:54 GMT" time="11.778" errors="0">
  <testcase name="org_Userreg" time="11.778" classname="testNG.userregtest"/>
</testsuite> <!-- testNG.userregtest -->
