<?xml version="1.0" encoding="UTF-8"?>
<!-- Generated by org.testng.reporters.JUnitReportReporter -->
<testsuite hostname="Mypc" name="testNG.basicAnnotations" tests="3" failures="0" timestamp="9 Sep 2016 02:44:03 GMT" time="0.039" errors="0">
  <testcase name="function1" time="0.016" classname="testNG.basicAnnotations"/>
  <testcase name="function2" time="0.010" classname="testNG.basicAnnotations"/>
  <testcase name="a" time="0.013" classname="testNG.basicAnnotations"/>
</testsuite> <!-- testNG.basicAnnotations -->
