<?xml version="1.0" encoding="UTF-8"?>
<!-- Generated by org.testng.reporters.JUnitReportReporter -->
<testsuite hostname="Mypc" name="Keyword.driverscript" tests="1" failures="0" timestamp="13 Sep 2016 02:48:45 GMT" time="64.109" errors="0">
  <testcase name="driver" time="64.109" classname="Keyword.driverscript"/>
</testsuite> <!-- Keyword.driverscript -->
