<?xml version="1.0" encoding="UTF-8"?>
<!-- Generated by org.testng.reporters.JUnitReportReporter -->
<testsuite hostname="Mypc" name="POM.loginTC" tests="1" failures="0" timestamp="14 Sep 2016 02:36:03 GMT" time="26.423" errors="0">
  <testcase name="org_Login" time="26.423" classname="POM.loginTC"/>
</testsuite> <!-- POM.loginTC -->
