<?xml version="1.0" encoding="UTF-8"?>
<!-- Generated by org.testng.reporters.JUnitReportReporter -->
<testsuite hostname="Mypc" name="Keyword.hybrid" tests="1" failures="0" timestamp="13 Sep 2016 02:57:23 GMT" time="66.989" errors="0">
  <testcase name="driverscript" time="66.989" classname="Keyword.hybrid"/>
</testsuite> <!-- Keyword.hybrid -->
